<?xml version="1.0" encoding="UTF-8"?>
<!-- Generated by org.testng.reporters.JUnitXMLReporter -->
<testsuite ignored="0" hostname="DESKTOP-9B9M95V" failures="0" tests="5" name="Create Customer API Test" time="5.439" errors="0" timestamp="2020-06-04T17:00:12 EDT">
  <testcase classname="com.automation.APITestFramework.testCase.CreateCustomerTest" name="invalidateCreatedCustomerAPI" time="2.883"/>
  <testcase classname="com.automation.APITestFramework.testCase.CreateCustomerTest" name="validateCreatedCustomerAPI" time="0.829"/>
  <testcase classname="com.automation.APITestFramework.testCase.CreateCustomerTest" name="validateCreatedCustomerAPI" time="0.553"/>
  <testcase classname="com.automation.APITestFramework.testCase.CreateCustomerTest" name="validateCreatedCustomerAPI" time="0.578"/>
  <testcase classname="com.automation.APITestFramework.testCase.CreateCustomerTest" name="validateCreatedCustomerAPI" time="0.568"/>
</testsuite> <!-- Create Customer API Test -->
