<?xml version="1.0" encoding="UTF-8"?>
<testsuite xmlns:xsi="http://www.w3.org/2001/XMLSchema-instance" xsi:noNamespaceSchemaLocation="https://maven.apache.org/surefire/maven-surefire-plugin/xsd/surefire-test-report-3.0.xsd" version="3.0" name="TestSuite" time="4.125" tests="8" errors="0" skipped="0" failures="2">
  <properties>
[...]
</properties>
  <testcase name="invalidateCreatedCustomerAPI" classname="com.automation.APITestFramework.testCase.CreateCustomerTest" time="1.139"/>
  <testcase name="validateCreatedCustomerAPI" classname="com.automation.APITestFramework.testCase.CreateCustomerTest" time="0.662"/>
  <testcase name="validateCreatedCustomerAPI" classname="com.automation.APITestFramework.testCase.CreateCustomerTest" time="0.717"/>
  <testcase name="validateCreatedCustomerAPI" classname="com.automation.APITestFramework.testCase.CreateCustomerTest" time="0.783"/>
  <testcase name="validateCreatedCustomerAPI" classname="com.automation.APITestFramework.testCase.CreateCustomerTest" time="0.843"/>
  <testcase name="delete_customer" classname="com.automation.APITestFramework.testCase.DeleteCustomerTest" time="0.438">
    <failure message="ID key is not present in JSON response expected [true] but found [false]" type="java.lang.AssertionError"><![CDATA[java.lang.AssertionError: ID key is not present in JSON response expected [true] but found [false]
	at com.automation.APITestFramework.testCase.DeleteCustomerTest.delete_customer(DeleteCustomerTest.java:32)
]]></failure>
    <system-out><![CDATA[Test Name: delete_customer
Sheet  Name: delete_customer
cell data 
{
    "error": {
        "code": "resource_missing",
        "doc_url": "https://stripe.com/docs/error-codes/resource-missing",
        "message": "No such customer: cus_HPc5YnI8TQBc9p",
        "param": "id",
        "type": "invalid_request_error"
    }
}
404
Present check for the object key: false
Present check for the deleted key: false
]]></system-out>
  </testcase>
  <testcase name="delete_customer" classname="com.automation.APITestFramework.testCase.DeleteCustomerTest" time="0.469">
    <failure message="ID key is not present in JSON response expected [true] but found [false]" type="java.lang.AssertionError"><![CDATA[java.lang.AssertionError: ID key is not present in JSON response expected [true] but found [false]
	at com.automation.APITestFramework.testCase.DeleteCustomerTest.delete_customer(DeleteCustomerTest.java:32)
]]></failure>
    <system-out><![CDATA[{
    "error": {
        "code": "resource_missing",
        "doc_url": "https://stripe.com/docs/error-codes/resource-missing",
        "message": "No such customer: cus_HPc5wDC3Y298Pp",
        "param": "id",
        "type": "invalid_request_error"
    }
}
404
Present check for the object key: false
Present check for the deleted key: false
]]></system-out>
  </testcase>
  <testcase name="shouldAnswerWithTrue on shouldAnswerWithTrue(com.automation.AppTest)" classname="com.automation.AppTest" time="0.01"/>
</testsuite>